info: Listening on port 5000... {"timestamp":"2019-06-10 19:08:38"}
info: failed to connect to server [ideas-project-shard-00-00-qnat2.mongodb.net:27017] on first connect [MongoNetworkError: connection 5 to ideas-project-shard-00-00-qnat2.mongodb.net:27017 closed
    at TLSSocket.<anonymous> (C:\Users\MICHAEL OGUNSANMI\Desktop\AI & CS\Studying Source Codes\Node.js Express Mongodb dev to deployment by Traversy\ideas\node_modules\mongodb-core\lib\connection\connection.js:352:9)
    at Object.onceWrapper (events.js:284:20)
    at TLSSocket.emit (events.js:196:13)
    at net.js:586:12
    at TCP.done (_tls_wrap.js:466:7) {
  name: 'MongoNetworkError',
  errorLabels: [Array],
  [Symbol(mongoErrorContextSymbol)]: {}
}] {"timestamp":"2019-06-10 19:08:41"}
info: Listening on port 5000... {"timestamp":"2019-06-10 19:13:45"}
info: Connected to Mongo Atlas... {"timestamp":"2019-06-10 19:13:48"}
info: Connected to Local MongoDB... {"timestamp":"2019-06-10 19:13:48"}
info: Listening on port 5000... {"timestamp":"2019-07-12 20:17:13"}
info: Connected to Mongo Atlas... {"timestamp":"2019-07-12 20:17:18"}
info: Connected to Local MongoDB... {"timestamp":"2019-07-12 20:17:18"}
info: Listening on port 5000... {"timestamp":"2019-07-12 22:41:57"}
info: Listening on port 5000... {"timestamp":"2019-07-12 22:42:03"}
info: Connected to Mongo Atlas... {"timestamp":"2019-07-12 22:42:06"}
info: Connected to Local MongoDB... {"timestamp":"2019-07-12 22:42:06"}
info: Listening on port 5000... {"timestamp":"2019-07-12 22:42:17"}
info: Listening on port 5000... {"timestamp":"2019-07-12 22:42:19"}
info: Listening on port 5000... {"timestamp":"2019-07-12 22:42:21"}
info: Listening on port 5000... {"timestamp":"2019-07-12 22:42:23"}
info: Listening on port 5000... {"timestamp":"2019-07-12 22:42:25"}
info: Listening on port 5000... {"timestamp":"2019-07-12 22:42:27"}
info: Listening on port 5000... {"timestamp":"2019-07-12 22:42:30"}
info: Listening on port 5000... {"timestamp":"2019-07-12 22:42:34"}
info: Listening on port 5000... {"timestamp":"2019-07-12 22:42:38"}
info: Listening on port 5000... {"timestamp":"2019-07-12 22:42:59"}
info: Connected to Mongo Atlas... {"timestamp":"2019-07-12 22:43:02"}
info: Connected to Local MongoDB... {"timestamp":"2019-07-12 22:43:02"}
info: Listening on port 5000... {"timestamp":"2019-07-12 22:43:08"}
info: Connected to Mongo Atlas... {"timestamp":"2019-07-12 22:43:11"}
info: Connected to Local MongoDB... {"timestamp":"2019-07-12 22:43:11"}
info: Listening on port 5000... {"timestamp":"2019-07-12 22:43:34"}
info: Listening on port 5000... {"timestamp":"2019-07-12 22:43:38"}
info: Listening on port 5000... {"timestamp":"2019-07-12 22:43:39"}
info: Connected to Mongo Atlas... {"timestamp":"2019-07-12 22:43:42"}
info: Connected to Local MongoDB... {"timestamp":"2019-07-12 22:43:42"}
info: Listening on port 5000... {"timestamp":"2019-07-12 22:43:44"}
info: Listening on port 5000... {"timestamp":"2019-07-12 22:43:46"}
info: Listening on port 5000... {"timestamp":"2019-07-12 22:43:52"}
info: Listening on port 5000... {"timestamp":"2019-07-12 22:43:56"}
info: Listening on port 5000... {"timestamp":"2019-07-12 22:44:03"}
info: Listening on port 5000... {"timestamp":"2019-07-12 22:44:10"}
info: Connected to Mongo Atlas... {"timestamp":"2019-07-12 22:44:13"}
info: Connected to Local MongoDB... {"timestamp":"2019-07-12 22:44:13"}
info: Listening on port 5000... {"timestamp":"2019-07-12 22:44:26"}
info: Listening on port 5000... {"timestamp":"2019-07-12 22:44:30"}
info: Listening on port 5000... {"timestamp":"2019-07-12 22:44:32"}
info: Connected to Mongo Atlas... {"timestamp":"2019-07-12 22:44:35"}
info: Connected to Local MongoDB... {"timestamp":"2019-07-12 22:44:35"}
info: Listening on port 5000... {"timestamp":"2019-07-12 22:44:39"}
info: Listening on port 5000... {"timestamp":"2019-07-12 22:44:41"}
info: Listening on port 5000... {"timestamp":"2019-07-12 22:44:42"}
info: Listening on port 5000... {"timestamp":"2019-07-12 22:44:47"}
info: Connected to Mongo Atlas... {"timestamp":"2019-07-12 22:44:50"}
info: Connected to Local MongoDB... {"timestamp":"2019-07-12 22:44:50"}
info: Listening on port 5000... {"timestamp":"2019-07-12 22:45:41"}
info: Listening on port 5000... {"timestamp":"2019-07-12 22:45:45"}
info: Listening on port 5000... {"timestamp":"2019-07-12 22:45:53"}
info: Listening on port 5000... {"timestamp":"2019-07-12 22:45:58"}
info: Connected to Mongo Atlas... {"timestamp":"2019-07-12 22:46:02"}
info: Connected to Local MongoDB... {"timestamp":"2019-07-12 22:46:02"}
info: Listening on port 5000... {"timestamp":"2019-07-12 22:46:05"}
info: Connected to Mongo Atlas... {"timestamp":"2019-07-12 22:46:08"}
info: Connected to Local MongoDB... {"timestamp":"2019-07-12 22:46:08"}
info: Listening on port 5000... {"timestamp":"2019-07-12 22:46:16"}
info: Connected to Mongo Atlas... {"timestamp":"2019-07-12 22:46:20"}
info: Connected to Local MongoDB... {"timestamp":"2019-07-12 22:46:20"}
info: Listening on port 5000... {"timestamp":"2019-07-12 22:46:42"}
info: Connected to Mongo Atlas... {"timestamp":"2019-07-12 22:46:46"}
info: Connected to Local MongoDB... {"timestamp":"2019-07-12 22:46:46"}
info: Listening on port 5000... {"timestamp":"2019-07-12 22:49:36"}
info: Connected to Mongo Atlas... {"timestamp":"2019-07-12 22:49:42"}
info: Connected to Local MongoDB... {"timestamp":"2019-07-12 22:49:42"}
info: Listening on port 5000... {"timestamp":"2019-07-12 22:50:51"}
info: Connected to Mongo Atlas... {"timestamp":"2019-07-12 22:50:54"}
info: Connected to Local MongoDB... {"timestamp":"2019-07-12 22:50:54"}
info: Listening on port 5000... {"timestamp":"2019-07-12 22:57:16"}
info: Connected to Mongo Atlas... {"timestamp":"2019-07-12 22:57:21"}
info: Connected to Local MongoDB... {"timestamp":"2019-07-12 22:57:21"}
info: Listening on port 5000... {"timestamp":"2019-07-12 22:57:29"}
info: Listening on port 5000... {"timestamp":"2019-07-12 22:57:33"}
info: Connected to Mongo Atlas... {"timestamp":"2019-07-12 22:57:36"}
info: Connected to Local MongoDB... {"timestamp":"2019-07-12 22:57:36"}
info: Listening on port 5000... {"timestamp":"2019-07-12 22:57:55"}
info: Connected to Mongo Atlas... {"timestamp":"2019-07-12 22:57:59"}
info: Connected to Local MongoDB... {"timestamp":"2019-07-12 22:57:59"}
info: Listening on port 5000... {"timestamp":"2019-07-12 22:58:04"}
info: Connected to Mongo Atlas... {"timestamp":"2019-07-12 22:58:07"}
info: Connected to Local MongoDB... {"timestamp":"2019-07-12 22:58:07"}
info: Listening on port 5000... {"timestamp":"2019-07-12 22:58:22"}
info: Listening on port 5000... {"timestamp":"2019-07-12 22:58:31"}
info: Listening on port 5000... {"timestamp":"2019-07-12 22:58:38"}
info: Listening on port 5000... {"timestamp":"2019-07-12 22:58:41"}
info: Listening on port 5000... {"timestamp":"2019-07-12 22:58:47"}
info: Connected to Mongo Atlas... {"timestamp":"2019-07-12 22:58:50"}
info: Connected to Local MongoDB... {"timestamp":"2019-07-12 22:58:50"}
info: Listening on port 5000... {"timestamp":"2019-07-12 23:41:13"}
info: Listening on port 5000... {"timestamp":"2019-07-12 23:41:20"}
info: Connected to Mongo Atlas... {"timestamp":"2019-07-12 23:41:24"}
info: Connected to Local MongoDB... {"timestamp":"2019-07-12 23:41:24"}
info: Listening on port 5000... {"timestamp":"2019-07-12 23:41:28"}
info: Listening on port 5000... {"timestamp":"2019-07-12 23:41:31"}
info: Listening on port 5000... {"timestamp":"2019-07-12 23:41:35"}
info: Connected to Mongo Atlas... {"timestamp":"2019-07-12 23:41:38"}
info: Connected to Local MongoDB... {"timestamp":"2019-07-12 23:41:38"}
info: Listening on port 5000... {"timestamp":"2019-07-12 23:42:07"}
info: Listening on port 5000... {"timestamp":"2019-07-12 23:42:16"}
info: Connected to Mongo Atlas... {"timestamp":"2019-07-12 23:42:20"}
info: Connected to Local MongoDB... {"timestamp":"2019-07-12 23:42:20"}
info: Listening on port 5000... {"timestamp":"2019-07-12 23:42:24"}
info: Listening on port 5000... {"timestamp":"2019-07-12 23:42:27"}
info: Listening on port 5000... {"timestamp":"2019-07-12 23:42:31"}
info: Listening on port 5000... {"timestamp":"2019-07-12 23:42:35"}
info: Listening on port 5000... {"timestamp":"2019-07-12 23:42:40"}
info: Listening on port 5000... {"timestamp":"2019-07-12 23:42:43"}
info: Listening on port 5000... {"timestamp":"2019-07-12 23:42:45"}
info: Connected to Mongo Atlas... {"timestamp":"2019-07-12 23:42:48"}
info: Connected to Local MongoDB... {"timestamp":"2019-07-12 23:42:48"}
info: Listening on port 5000... {"timestamp":"2019-07-12 23:42:49"}
info: Connected to Mongo Atlas... {"timestamp":"2019-07-12 23:42:52"}
info: Connected to Local MongoDB... {"timestamp":"2019-07-12 23:42:52"}
info: Listening on port 5000... {"timestamp":"2019-07-12 23:43:20"}
info: Listening on port 5000... {"timestamp":"2019-07-12 23:43:27"}
info: Listening on port 5000... {"timestamp":"2019-07-12 23:43:31"}
info: Listening on port 5000... {"timestamp":"2019-07-12 23:43:35"}
info: Connected to Mongo Atlas... {"timestamp":"2019-07-12 23:43:39"}
info: Connected to Local MongoDB... {"timestamp":"2019-07-12 23:43:39"}
info: Listening on port 5000... {"timestamp":"2019-07-12 23:43:43"}
info: Listening on port 5000... {"timestamp":"2019-07-12 23:43:47"}
info: Listening on port 5000... {"timestamp":"2019-07-12 23:43:50"}
info: Listening on port 5000... {"timestamp":"2019-07-12 23:43:53"}
info: Listening on port 5000... {"timestamp":"2019-07-12 23:43:56"}
info: Listening on port 5000... {"timestamp":"2019-07-12 23:43:59"}
info: Listening on port 5000... {"timestamp":"2019-07-12 23:44:01"}
info: Connected to Mongo Atlas... {"timestamp":"2019-07-12 23:44:04"}
info: Connected to Local MongoDB... {"timestamp":"2019-07-12 23:44:04"}
info: Listening on port 5000... {"timestamp":"2019-07-12 23:44:12"}
info: Listening on port 5000... {"timestamp":"2019-07-12 23:44:14"}
info: Listening on port 5000... {"timestamp":"2019-07-12 23:44:17"}
info: Listening on port 5000... {"timestamp":"2019-07-12 23:44:20"}
info: Listening on port 5000... {"timestamp":"2019-07-12 23:44:25"}
info: Connected to Mongo Atlas... {"timestamp":"2019-07-12 23:44:28"}
info: Connected to Local MongoDB... {"timestamp":"2019-07-12 23:44:28"}
info: Listening on port 5000... {"timestamp":"2019-07-12 23:44:44"}
info: Connected to Mongo Atlas... {"timestamp":"2019-07-12 23:44:47"}
info: Connected to Local MongoDB... {"timestamp":"2019-07-12 23:44:47"}
info: Listening on port 5000... {"timestamp":"2019-07-12 23:45:08"}
info: Listening on port 5000... {"timestamp":"2019-07-12 23:45:18"}
info: Listening on port 5000... {"timestamp":"2019-07-12 23:45:27"}
info: Connected to Mongo Atlas... {"timestamp":"2019-07-12 23:45:30"}
info: Connected to Local MongoDB... {"timestamp":"2019-07-12 23:45:30"}
info: Listening on port 5000... {"timestamp":"2019-07-12 23:45:33"}
info: Connected to Mongo Atlas... {"timestamp":"2019-07-12 23:45:36"}
info: Connected to Local MongoDB... {"timestamp":"2019-07-12 23:45:36"}
info: Listening on port 5000... {"timestamp":"2019-07-12 23:46:59"}
info: Connected to Mongo Atlas... {"timestamp":"2019-07-12 23:47:03"}
info: Connected to Local MongoDB... {"timestamp":"2019-07-12 23:47:03"}
info: Listening on port 5000... {"timestamp":"2019-07-12 23:47:43"}
info: Connected to Mongo Atlas... {"timestamp":"2019-07-12 23:47:47"}
info: Connected to Local MongoDB... {"timestamp":"2019-07-12 23:47:47"}
info: Listening on port 5000... {"timestamp":"2019-07-12 23:48:26"}
info: Listening on port 5000... {"timestamp":"2019-07-12 23:48:33"}
info: Connected to Mongo Atlas... {"timestamp":"2019-07-12 23:48:36"}
info: Connected to Local MongoDB... {"timestamp":"2019-07-12 23:48:36"}
info: Listening on port 5000... {"timestamp":"2019-07-12 23:48:41"}
info: Connected to Mongo Atlas... {"timestamp":"2019-07-12 23:48:45"}
info: Connected to Local MongoDB... {"timestamp":"2019-07-12 23:48:45"}
info: Listening on port 5000... {"timestamp":"2019-07-12 23:50:06"}
info: Listening on port 5000... {"timestamp":"2019-07-12 23:50:09"}
info: Connected to Mongo Atlas... {"timestamp":"2019-07-12 23:50:12"}
info: Connected to Local MongoDB... {"timestamp":"2019-07-12 23:50:12"}
info: Listening on port 5000... {"timestamp":"2019-07-12 23:50:15"}
info: Listening on port 5000... {"timestamp":"2019-07-12 23:50:19"}
info: Listening on port 5000... {"timestamp":"2019-07-12 23:50:21"}
info: Listening on port 5000... {"timestamp":"2019-07-12 23:50:25"}
info: Listening on port 5000... {"timestamp":"2019-07-12 23:50:29"}
info: Connected to Mongo Atlas... {"timestamp":"2019-07-12 23:50:32"}
info: Connected to Local MongoDB... {"timestamp":"2019-07-12 23:50:32"}
info: Listening on port 5000... {"timestamp":"2019-07-12 23:50:36"}
info: Listening on port 5000... {"timestamp":"2019-07-12 23:50:41"}
info: Listening on port 5000... {"timestamp":"2019-07-12 23:50:46"}
info: Listening on port 5000... {"timestamp":"2019-07-12 23:50:48"}
info: Listening on port 5000... {"timestamp":"2019-07-12 23:50:50"}
info: Listening on port 5000... {"timestamp":"2019-07-12 23:50:54"}
info: Listening on port 5000... {"timestamp":"2019-07-12 23:50:58"}
info: Listening on port 5000... {"timestamp":"2019-07-12 23:51:00"}
info: Listening on port 5000... {"timestamp":"2019-07-12 23:51:06"}
info: Listening on port 5000... {"timestamp":"2019-07-12 23:51:08"}
info: Listening on port 5000... {"timestamp":"2019-07-12 23:51:15"}
info: Listening on port 5000... {"timestamp":"2019-07-12 23:51:17"}
info: Listening on port 5000... {"timestamp":"2019-07-12 23:51:20"}
info: Connected to Mongo Atlas... {"timestamp":"2019-07-12 23:51:23"}
info: Connected to Local MongoDB... {"timestamp":"2019-07-12 23:51:23"}
info: Listening on port 5000... {"timestamp":"2019-07-12 23:51:28"}
info: Listening on port 5000... {"timestamp":"2019-07-12 23:51:32"}
info: Listening on port 5000... {"timestamp":"2019-07-12 23:51:36"}
info: Connected to Mongo Atlas... {"timestamp":"2019-07-12 23:51:39"}
info: Connected to Local MongoDB... {"timestamp":"2019-07-12 23:51:39"}
info: Listening on port 5000... {"timestamp":"2019-07-12 23:51:43"}
info: Listening on port 5000... {"timestamp":"2019-07-12 23:51:56"}
info: Listening on port 5000... {"timestamp":"2019-07-12 23:52:03"}
info: Connected to Mongo Atlas... {"timestamp":"2019-07-12 23:52:06"}
info: Connected to Local MongoDB... {"timestamp":"2019-07-12 23:52:06"}
info: Listening on port 5000... {"timestamp":"2019-07-12 23:52:21"}
info: Listening on port 5000... {"timestamp":"2019-07-12 23:52:24"}
info: Listening on port 5000... {"timestamp":"2019-07-12 23:52:26"}
info: Listening on port 5000... {"timestamp":"2019-07-12 23:52:30"}
info: Connected to Mongo Atlas... {"timestamp":"2019-07-12 23:52:33"}
info: Connected to Local MongoDB... {"timestamp":"2019-07-12 23:52:33"}
info: Listening on port 5000... {"timestamp":"2019-07-12 23:52:39"}
info: Listening on port 5000... {"timestamp":"2019-07-12 23:52:47"}
info: Listening on port 5000... {"timestamp":"2019-07-12 23:52:49"}
info: Listening on port 5000... {"timestamp":"2019-07-12 23:52:55"}
info: Listening on port 5000... {"timestamp":"2019-07-12 23:52:58"}
info: Listening on port 5000... {"timestamp":"2019-07-12 23:53:00"}
info: Listening on port 5000... {"timestamp":"2019-07-12 23:53:02"}
info: Connected to Mongo Atlas... {"timestamp":"2019-07-12 23:53:05"}
info: Connected to Local MongoDB... {"timestamp":"2019-07-12 23:53:05"}
info: Listening on port 5000... {"timestamp":"2019-07-12 23:53:42"}
info: Listening on port 5000... {"timestamp":"2019-07-12 23:53:45"}
info: Listening on port 5000... {"timestamp":"2019-07-12 23:53:49"}
info: Connected to Mongo Atlas... {"timestamp":"2019-07-12 23:53:52"}
info: Connected to Local MongoDB... {"timestamp":"2019-07-12 23:53:52"}
info: Listening on port 5000... {"timestamp":"2019-07-12 23:54:20"}
info: Listening on port 5000... {"timestamp":"2019-07-12 23:54:22"}
info: Listening on port 5000... {"timestamp":"2019-07-12 23:54:26"}
info: Listening on port 5000... {"timestamp":"2019-07-12 23:54:31"}
info: Listening on port 5000... {"timestamp":"2019-07-12 23:54:35"}
info: Connected to Mongo Atlas... {"timestamp":"2019-07-12 23:54:38"}
info: Connected to Local MongoDB... {"timestamp":"2019-07-12 23:54:38"}
info: Listening on port 5000... {"timestamp":"2019-07-12 23:55:18"}
info: Listening on port 5000... {"timestamp":"2019-07-12 23:55:28"}
info: Connected to Mongo Atlas... {"timestamp":"2019-07-12 23:55:32"}
info: Connected to Local MongoDB... {"timestamp":"2019-07-12 23:55:32"}
info: Listening on port 5000... {"timestamp":"2019-07-12 23:55:35"}
info: Connected to Mongo Atlas... {"timestamp":"2019-07-12 23:55:38"}
info: Connected to Local MongoDB... {"timestamp":"2019-07-12 23:55:38"}
info: Listening on port 5000... {"timestamp":"2019-07-12 23:55:55"}
info: Listening on port 5000... {"timestamp":"2019-07-12 23:56:12"}
info: Connected to Mongo Atlas... {"timestamp":"2019-07-12 23:56:15"}
info: Connected to Local MongoDB... {"timestamp":"2019-07-12 23:56:15"}
info: Listening on port 5000... {"timestamp":"2019-07-12 23:56:29"}
info: Connected to Mongo Atlas... {"timestamp":"2019-07-12 23:56:34"}
info: Connected to Local MongoDB... {"timestamp":"2019-07-12 23:56:34"}
info: Listening on port 5000... {"timestamp":"2019-07-12 23:56:38"}
info: Connected to Mongo Atlas... {"timestamp":"2019-07-12 23:56:41"}
info: Connected to Local MongoDB... {"timestamp":"2019-07-12 23:56:41"}
info: Listening on port 5000... {"timestamp":"2019-07-12 23:59:22"}
info: Listening on port 5000... {"timestamp":"2019-07-12 23:59:24"}
info: Connected to Mongo Atlas... {"timestamp":"2019-07-12 23:59:27"}
info: Connected to Local MongoDB... {"timestamp":"2019-07-12 23:59:27"}
info: Listening on port 5000... {"timestamp":"2019-07-12 23:59:32"}
info: Listening on port 5000... {"timestamp":"2019-07-12 23:59:36"}
info: Connected to Mongo Atlas... {"timestamp":"2019-07-12 23:59:39"}
info: Connected to Local MongoDB... {"timestamp":"2019-07-12 23:59:39"}
info: Listening on port 5000... {"timestamp":"2019-07-13 00:33:09"}
info: Connected to Mongo Atlas... {"timestamp":"2019-07-13 00:33:13"}
info: Connected to Local MongoDB... {"timestamp":"2019-07-13 00:33:13"}
info: Listening on port 5000... {"timestamp":"2019-07-13 07:06:56"}
info: querySrv ECONNREFUSED _mongodb._tcp.ideas-project-qnat2.mongodb.net {"timestamp":"2019-07-13 07:06:56"}
info: Listening on port 5000... {"timestamp":"2019-07-13 07:07:29"}
info: querySrv ECONNREFUSED _mongodb._tcp.ideas-project-qnat2.mongodb.net {"timestamp":"2019-07-13 07:07:29"}
info: Listening on port 5000... {"timestamp":"2019-07-13 07:08:10"}
info: Connected to Local MongoDB... {"timestamp":"2019-07-13 07:08:11"}
info: Listening on port 5000... {"timestamp":"2019-07-13 07:08:28"}
info: Connected to Local MongoDB... {"timestamp":"2019-07-13 07:08:29"}
info: Listening on port 5000... {"timestamp":"2019-07-13 07:09:15"}
info: Listening on port 5000... {"timestamp":"2019-07-13 07:09:24"}
info: Listening on port 5000... {"timestamp":"2019-07-13 07:09:27"}
info: Connected to Local MongoDB... {"timestamp":"2019-07-13 07:09:28"}
info: Listening on port 5000... {"timestamp":"2019-07-13 07:09:52"}
info: Connected to Local MongoDB... {"timestamp":"2019-07-13 07:09:53"}
info: Listening on port 5000... {"timestamp":"2019-07-13 07:10:51"}
info: Connected to Local MongoDB... {"timestamp":"2019-07-13 07:10:52"}
info: Listening on port 5000... {"timestamp":"2019-07-13 07:11:27"}
info: Connected to Local MongoDB... {"timestamp":"2019-07-13 07:11:28"}
info: Listening on port 5000... {"timestamp":"2019-07-13 07:11:41"}
info: Connected to Local MongoDB... {"timestamp":"2019-07-13 07:11:42"}
info: Listening on port 5000... {"timestamp":"2019-07-13 07:13:26"}
info: Listening on port 5000... {"timestamp":"2019-07-13 07:13:36"}
info: Connected to Local MongoDB... {"timestamp":"2019-07-13 07:13:37"}
info: Listening on port 5000... {"timestamp":"2019-07-13 07:19:23"}
info: Connected to Local MongoDB... {"timestamp":"2019-07-13 07:19:24"}
info: Listening on port 5000... {"timestamp":"2019-07-13 07:20:05"}
info: Connected to Local MongoDB... {"timestamp":"2019-07-13 07:20:06"}
info: Listening on port 5000... {"timestamp":"2019-07-13 07:20:42"}
info: Connected to Local MongoDB... {"timestamp":"2019-07-13 07:20:43"}
info: Listening on port 5000... {"timestamp":"2019-07-13 09:04:36"}
info: Connected to Local MongoDB... {"timestamp":"2019-07-13 09:04:37"}
info: Listening on port 5000... {"timestamp":"2019-07-13 09:07:57"}
info: Connected to Local MongoDB... {"timestamp":"2019-07-13 09:07:58"}
info: Listening on port 5000... {"timestamp":"2019-07-13 09:13:10"}
info: Connected to Local MongoDB... {"timestamp":"2019-07-13 09:13:11"}
info: Listening on port 5000... {"timestamp":"2019-07-13 09:17:07"}
info: Connected to Local MongoDB... {"timestamp":"2019-07-13 09:17:08"}
info: Listening on port 5000... {"timestamp":"2019-07-13 09:18:19"}
info: Connected to Local MongoDB... {"timestamp":"2019-07-13 09:18:20"}
info: Listening on port 5000... {"timestamp":"2019-07-13 09:19:02"}
info: Connected to Local MongoDB... {"timestamp":"2019-07-13 09:19:03"}
info: Listening on port 5000... {"timestamp":"2019-07-13 09:19:18"}
info: Connected to Local MongoDB... {"timestamp":"2019-07-13 09:19:19"}
info: Listening on port 5000... {"timestamp":"2019-07-13 09:19:24"}
info: Connected to Local MongoDB... {"timestamp":"2019-07-13 09:19:25"}
info: Listening on port 5000... {"timestamp":"2019-07-13 09:20:14"}
info: Connected to Local MongoDB... {"timestamp":"2019-07-13 09:20:15"}
info: Listening on port 5000... {"timestamp":"2019-07-13 09:20:36"}
info: Connected to Local MongoDB... {"timestamp":"2019-07-13 09:20:38"}
info: Listening on port 5000... {"timestamp":"2019-07-13 09:21:18"}
info: Connected to Local MongoDB... {"timestamp":"2019-07-13 09:21:19"}
info: Listening on port 5000... {"timestamp":"2019-07-13 09:21:24"}
info: Connected to Local MongoDB... {"timestamp":"2019-07-13 09:21:25"}
info: Listening on port 5000... {"timestamp":"2019-07-13 09:21:36"}
info: Connected to Local MongoDB... {"timestamp":"2019-07-13 09:21:37"}
info: Listening on port 5000... {"timestamp":"2019-07-13 09:22:24"}
info: Connected to Local MongoDB... {"timestamp":"2019-07-13 09:22:25"}
info: Listening on port 5000... {"timestamp":"2019-07-13 09:23:13"}
info: Connected to Local MongoDB... {"timestamp":"2019-07-13 09:23:14"}
info: Listening on port 5000... {"timestamp":"2019-07-13 09:24:50"}
info: Connected to Local MongoDB... {"timestamp":"2019-07-13 09:24:51"}
info: Listening on port 5000... {"timestamp":"2019-07-13 09:30:20"}
info: Connected to Local MongoDB... {"timestamp":"2019-07-13 09:30:21"}
info: Listening on port 5000... {"timestamp":"2019-07-13 09:31:00"}
info: Connected to Local MongoDB... {"timestamp":"2019-07-13 09:31:01"}
info: Listening on port 5000... {"timestamp":"2019-07-13 09:31:22"}
info: Listening on port 5000... {"timestamp":"2019-07-13 09:31:24"}
info: Connected to Local MongoDB... {"timestamp":"2019-07-13 09:31:25"}
info: Listening on port 5000... {"timestamp":"2019-07-13 09:31:31"}
info: Connected to Local MongoDB... {"timestamp":"2019-07-13 09:31:32"}
info: Listening on port 5000... {"timestamp":"2019-07-13 09:31:33"}
info: Connected to Local MongoDB... {"timestamp":"2019-07-13 09:31:34"}
info: Listening on port 5000... {"timestamp":"2019-07-13 09:31:42"}
info: Connected to Local MongoDB... {"timestamp":"2019-07-13 09:31:43"}
info: Listening on port 5000... {"timestamp":"2019-07-13 09:32:02"}
info: Connected to Local MongoDB... {"timestamp":"2019-07-13 09:32:03"}
info: Listening on port 5000... {"timestamp":"2019-07-13 09:32:57"}
info: Connected to Local MongoDB... {"timestamp":"2019-07-13 09:32:58"}
info: Listening on port 5000... {"timestamp":"2019-07-13 09:33:04"}
info: Connected to Local MongoDB... {"timestamp":"2019-07-13 09:33:05"}
info: Listening on port 5000... {"timestamp":"2019-07-13 09:33:23"}
info: Connected to Local MongoDB... {"timestamp":"2019-07-13 09:33:24"}
info: Listening on port 5000... {"timestamp":"2019-07-13 09:33:26"}
info: Connected to Local MongoDB... {"timestamp":"2019-07-13 09:33:27"}
info: Listening on port 5000... {"timestamp":"2019-07-13 09:33:39"}
info: Listening on port 5000... {"timestamp":"2019-07-13 09:33:42"}
info: Connected to Local MongoDB... {"timestamp":"2019-07-13 09:33:43"}
info: Listening on port 5000... {"timestamp":"2019-07-13 09:34:49"}
info: Connected to Local MongoDB... {"timestamp":"2019-07-13 09:34:50"}
info: Listening on port 5000... {"timestamp":"2019-07-13 09:40:35"}
info: Listening on port 5000... {"timestamp":"2019-07-13 09:40:42"}
info: Connected to Local MongoDB... {"timestamp":"2019-07-13 09:40:43"}
info: Listening on port 5000... {"timestamp":"2019-07-13 09:40:46"}
info: Connected to Local MongoDB... {"timestamp":"2019-07-13 09:40:47"}
info: Listening on port 5000... {"timestamp":"2019-07-13 09:40:49"}
info: Connected to Local MongoDB... {"timestamp":"2019-07-13 09:40:50"}
info: Listening on port 5000... {"timestamp":"2019-07-13 09:41:10"}
info: Connected to Local MongoDB... {"timestamp":"2019-07-13 09:41:11"}
info: Listening on port 5000... {"timestamp":"2019-07-13 09:42:05"}
info: Listening on port 5000... {"timestamp":"2019-07-13 09:42:15"}
info: Connected to Local MongoDB... {"timestamp":"2019-07-13 09:42:16"}
info: Listening on port 5000... {"timestamp":"2019-07-13 09:42:30"}
info: Connected to Local MongoDB... {"timestamp":"2019-07-13 09:42:31"}
info: Listening on port 5000... {"timestamp":"2019-07-13 09:43:14"}
info: Connected to Local MongoDB... {"timestamp":"2019-07-13 09:43:15"}
info: Listening on port 5000... {"timestamp":"2019-07-13 09:43:24"}
info: Connected to Local MongoDB... {"timestamp":"2019-07-13 09:43:25"}
info: Listening on port 5000... {"timestamp":"2019-07-13 09:44:51"}
info: Connected to Local MongoDB... {"timestamp":"2019-07-13 09:44:52"}
info: Listening on port 5000... {"timestamp":"2019-07-13 09:45:33"}
info: Connected to Local MongoDB... {"timestamp":"2019-07-13 09:45:34"}
info: Listening on port 5000... {"timestamp":"2019-07-13 09:46:32"}
info: Connected to Local MongoDB... {"timestamp":"2019-07-13 09:46:33"}
info: Listening on port 5000... {"timestamp":"2019-07-13 09:47:02"}
info: Connected to Local MongoDB... {"timestamp":"2019-07-13 09:47:03"}
info: Listening on port 5000... {"timestamp":"2019-07-13 09:47:08"}
info: Connected to Local MongoDB... {"timestamp":"2019-07-13 09:47:09"}
info: Listening on port 5000... {"timestamp":"2019-07-13 09:48:06"}
info: Connected to Local MongoDB... {"timestamp":"2019-07-13 09:48:07"}
info: Listening on port 5000... {"timestamp":"2019-07-13 09:48:29"}
info: Connected to Local MongoDB... {"timestamp":"2019-07-13 09:48:30"}
info: Listening on port 5000... {"timestamp":"2019-07-13 09:48:44"}
info: Connected to Local MongoDB... {"timestamp":"2019-07-13 09:48:45"}
info: Listening on port 5000... {"timestamp":"2019-07-13 09:49:02"}
info: Listening on port 5000... {"timestamp":"2019-07-13 09:49:07"}
info: Connected to Local MongoDB... {"timestamp":"2019-07-13 09:49:08"}
info: Listening on port 5000... {"timestamp":"2019-07-13 09:50:07"}
info: Connected to Local MongoDB... {"timestamp":"2019-07-13 09:50:08"}
info: Listening on port 5000... {"timestamp":"2019-07-13 10:05:33"}
info: Listening on port 5000... {"timestamp":"2019-07-13 10:05:35"}
info: Connected to Local MongoDB... {"timestamp":"2019-07-13 10:05:36"}
info: Listening on port 5000... {"timestamp":"2019-07-13 10:05:44"}
info: Connected to Local MongoDB... {"timestamp":"2019-07-13 10:05:45"}
info: Listening on port 5000... {"timestamp":"2019-07-13 10:05:52"}
info: Listening on port 5000... {"timestamp":"2019-07-13 10:10:28"}
info: Listening on port 5000... {"timestamp":"2019-07-13 10:10:54"}
info: Listening on port 5000... {"timestamp":"2019-07-13 10:15:03"}
info: Listening on port 5000... {"timestamp":"2019-07-13 10:15:54"}
info: Listening on port 5000... {"timestamp":"2019-07-13 10:16:11"}
info: Listening on port 5000... {"timestamp":"2019-07-13 10:16:49"}
info: Listening on port 5000... {"timestamp":"2019-07-13 10:17:28"}
info: Listening on port 5000... {"timestamp":"2019-07-13 10:17:38"}
info: Listening on port 5000... {"timestamp":"2019-07-13 10:17:40"}
info: Listening on port 5000... {"timestamp":"2019-07-13 10:17:42"}
info: Listening on port 5000... {"timestamp":"2019-07-13 10:29:36"}
info: Connected to Local MongoDB... {"timestamp":"2019-07-13 10:29:37"}
info: Listening on port 5000... {"timestamp":"2019-07-13 10:29:42"}
info: Listening on port 5000... {"timestamp":"2019-07-13 10:29:44"}
info: Connected to Local MongoDB... {"timestamp":"2019-07-13 10:29:45"}
info: Listening on port 5000... {"timestamp":"2019-07-13 10:42:57"}
info: Connected to Local MongoDB... {"timestamp":"2019-07-13 10:42:58"}
info: Listening on port 5000... {"timestamp":"2019-07-13 11:29:26"}
info: Connected to Local MongoDB... {"timestamp":"2019-07-13 11:29:27"}
info: Listening on port 5000... {"timestamp":"2019-07-13 11:29:45"}
info: Listening on port 5000... {"timestamp":"2019-07-13 11:29:50"}
info: Connected to Local MongoDB... {"timestamp":"2019-07-13 11:29:51"}
info: Listening on port 5000... {"timestamp":"2019-07-13 11:30:01"}
info: Listening on port 5000... {"timestamp":"2019-07-13 11:30:06"}
info: Connected to Local MongoDB... {"timestamp":"2019-07-13 11:30:07"}
info: Listening on port 5000... {"timestamp":"2019-07-13 11:30:19"}
info: Listening on port 5000... {"timestamp":"2019-07-13 11:30:21"}
info: Connected to Local MongoDB... {"timestamp":"2019-07-13 11:30:22"}
info: Listening on port 5000... {"timestamp":"2019-07-13 11:30:28"}
info: Connected to Local MongoDB... {"timestamp":"2019-07-13 11:30:29"}
info: Listening on port 5000... {"timestamp":"2019-07-13 11:30:33"}
info: Connected to Local MongoDB... {"timestamp":"2019-07-13 11:30:34"}
info: Listening on port 5000... {"timestamp":"2019-07-13 11:30:47"}
info: Listening on port 5000... {"timestamp":"2019-07-13 11:30:49"}
info: Connected to Local MongoDB... {"timestamp":"2019-07-13 11:30:50"}
info: Listening on port 5000... {"timestamp":"2019-07-13 11:30:54"}
info: Listening on port 5000... {"timestamp":"2019-07-13 11:30:58"}
info: Connected to Local MongoDB... {"timestamp":"2019-07-13 11:30:59"}
info: Listening on port 5000... {"timestamp":"2019-07-13 11:31:04"}
info: Connected to Local MongoDB... {"timestamp":"2019-07-13 11:31:05"}
info: Listening on port 5000... {"timestamp":"2019-07-13 11:31:37"}
info: Listening on port 5000... {"timestamp":"2019-07-13 11:31:39"}
info: Connected to Local MongoDB... {"timestamp":"2019-07-13 11:31:40"}
info: Listening on port 5000... {"timestamp":"2019-07-13 11:31:56"}
info: Connected to Local MongoDB... {"timestamp":"2019-07-13 11:31:57"}
